  main.cpp
C:\Users\sinkdream\Desktop\glfwObjLoad\Project1\main.cpp(123,34): warning C4244: “参数”: 从“double”转换到“_Ty”，可能丢失数据
          with
          [
              _Ty=float
          ]
C:\Users\sinkdream\Desktop\glfwObjLoad\Project1\main.cpp(124,34): warning C4244: “参数”: 从“double”转换到“_Ty”，可能丢失数据
          with
          [
              _Ty=float
          ]
C:\Users\sinkdream\Desktop\glfwObjLoad\Project1\main.cpp(125,34): warning C4244: “参数”: 从“double”转换到“_Ty”，可能丢失数据
          with
          [
              _Ty=float
          ]
C:\Users\sinkdream\Desktop\glfwObjLoad\Project1\main.cpp(154,28): warning C4244: “初始化”: 从“double”转换到“float”，可能丢失数据
C:\Users\sinkdream\Desktop\glfwObjLoad\Project1\main.cpp(190,61): warning C4267: “参数”: 从“size_t”转换到“GLsizei”，可能丢失数据
C:\Users\sinkdream\Desktop\glfwObjLoad\Project1\main.cpp(243,17): warning C4244: “=”: 从“double”转换到“float”，可能丢失数据
C:\Users\sinkdream\Desktop\glfwObjLoad\Project1\main.cpp(244,17): warning C4244: “=”: 从“double”转换到“float”，可能丢失数据
C:\Users\sinkdream\Desktop\glfwObjLoad\Project1\main.cpp(249,19): warning C4244: “初始化”: 从“double”转换到“float”，可能丢失数据
C:\Users\sinkdream\Desktop\glfwObjLoad\Project1\main.cpp(250,19): warning C4244: “初始化”: 从“double”转换到“float”，可能丢失数据
C:\Users\sinkdream\Desktop\glfwObjLoad\Project1\main.cpp(252,13): warning C4244: “=”: 从“double”转换到“float”，可能丢失数据
C:\Users\sinkdream\Desktop\glfwObjLoad\Project1\main.cpp(253,13): warning C4244: “=”: 从“double”转换到“float”，可能丢失数据
C:\Users\sinkdream\Desktop\glfwObjLoad\Project1\main.cpp(256,27): warning C4305: “初始化”: 从“double”到“float”截断
  正在生成代码
  26 of 452 functions ( 5.8%) were compiled, the rest were copied from previous compilation.
    0 functions were new in current compilation
    93 functions had inline decision re-evaluated but remain unchanged
  已完成代码的生成
  Project1.vcxproj -> C:\Users\sinkdream\Desktop\glfwObjLoad\x64\Release\Project1.exe
